
--------------------------------------------------
TXLib предупреждает:

Программа: C:\Users\KES\Documents\GitHub\KPK-Game\Balls_Game_classes 3.0.exe,

ВНЕЗАПНО: Деление на ноль при операции с плавающей точкой.

#1: Исключение EXCEPTION_FLT_DIVIDE_BY_ZERO (0xC000008E) при выполнении кода по адресу 0x0042DC8F в функции Collision() в файле C:/Users/KES/Documents/GitHub/KPK-Game/Balls_Game_classes 3.0.cpp на строке 201 в модуле C:\Users\KES\Documents\GitHub\KPK-Game\Balls_Game_classes 3.0.exe. Спасибо _txUnhandledExceptionFilter(), что сообщил. Люблю его <3

#1: TXLib [Ver: 00173a, Rev: 171, Date: 2021-06-06 04:32:03 +0400], Instance: 0x00507304 (32-bit), Flags: CMdRe0, Thread: 0x1610 (Main). 

--------------------------------------------------
Стек вызовов:

# 0 0x0042DC8F in C:\Users\KES\Documents\GitHub\KPK-Game\Balls_Game_classes 3.0.exe: Collision() at C:/Users/KES/Documents/GitHub/KPK-Game/Balls_Game_classes 3.0.cpp (201):

    199:     float Vn2 = (ball1 -> vx)*dt*s + (ball1 -> vy)*dt*e;
    200: 
=>  201:     float inside = (ball1 -> r + ball2 -> x - d) / (Vn1 - Vn2);
    202:     if (inside >  0.6) inside =  0.6;
    203:     if (inside < -0.6) inside = -0.6;

# 1 0x0042D1A5 in C:\Users\KES\Documents\GitHub\KPK-Game\Balls_Game_classes 3.0.exe: MoveBall() at C:/Users/KES/Documents/GitHub/KPK-Game/Balls_Game_classes 3.0.cpp (77):

     75: 
     76:         if (Distance (ball1, ball2) <= ball1.r + ball2.r) Collision (&ball1, &ball2, dt);
=>   77:         if (Distance (ball2, ball3) <= ball2.r + ball3.r) Collision (&ball2, &ball3, dt);
     78:         if (Distance (ball1, ball3) <= ball1.r + ball3.r) Collision (&ball1, &ball3, dt);
     79: 

# 2 0x0042CCD8 in C:\Users\KES\Documents\GitHub\KPK-Game\Balls_Game_classes 3.0.exe: main() at C:/Users/KES/Documents/GitHub/KPK-Game/Balls_Game_classes 3.0.cpp (38):

     36:     HDC fon  = txLoadImage ("images\\duet+gate.bmp");
     37: 
=>   38:     MoveBall (fon);
     39: 
     40:     return 0;

--------------------------------------------------
Стек вызовов TX:

# 0 in void ControlBall(Ball*, ControlType) at C:\Users\KES\Documents\GitHub\KPK-Game\Balls_Game_classes 3.0.cpp (144):

    142:     if (txGetAsyncKeyState (player.key_down))  (*ball).vy = (*ball).vy + 1;
    143: 
=>  144:     if (txGetAsyncKeyState (VK_SPACE))  (*ball).vx = (*ball).vy =  0;
    145:     }
    146: 

--------------------------------------------------
Developed with:

The Dumb Artist Library (TX Library)
TXLib [Ver: 00173a, Rev: 171, Date: 2021-06-06 04:32:03 +0400]
Copyright (C) Ded (Ilya Dedinsky, http://txlib.ru) <mail@txlib.ru>
See license on: http://txlib.ru

TXLib file:	C:\Users\KES\Downloads\TX\TXLib.h
Compiled:	Jun 19 2021 11:48:54, GNU g++ 4.8.1, std=201103L, MinGW Runtime 3.20, 32-bit, DEBUG
Started:	Jun 19 2021 11:49:02

Run file:	C:\Users\KES\Documents\GitHub\KPK-Game\Balls_Game_classes 3.0.exe
Directory:	C:\Users\KES\Documents\GitHub\KPK-Game

--------------------------------------------------

--------------------------------------------------
TXLib соболезнует...

Программа: C:\Users\KES\Documents\GitHub\KPK-Game\Balls_Game_classes 3.0.exe,

ВНЕЗАПНО: signal (8, 0x00): SIGFPE: Грубая ошибка в вычислениях. 

Деление на ноль при операции с плавающей точкой.

#1: Исключение EXCEPTION_FLT_DIVIDE_BY_ZERO (0xC000008E) при выполнении кода по адресу 0x0042DC8F в функции Collision() в файле C:/Users/KES/Documents/GitHub/KPK-Game/Balls_Game_classes 3.0.cpp на строке 201 в модуле C:\Users\KES\Documents\GitHub\KPK-Game\Balls_Game_classes 3.0.exe. Спасибо _txUnhandledExceptionFilter(), что сообщил. Люблю его <3

С помощью функции signal() вы можете сами обработать эту ошибку.

#2: TXLib [Ver: 00173a, Rev: 171, Date: 2021-06-06 04:32:03 +0400], Instance: 0x00507304 (32-bit), Flags: CMdRe0, Thread: 0x1610 (Main). 

--------------------------------------------------
Стек вызовов:

# 0 0x0042DC8F in C:\Users\KES\Documents\GitHub\KPK-Game\Balls_Game_classes 3.0.exe: Collision() at C:/Users/KES/Documents/GitHub/KPK-Game/Balls_Game_classes 3.0.cpp (201):

    199:     float Vn2 = (ball1 -> vx)*dt*s + (ball1 -> vy)*dt*e;
    200: 
=>  201:     float inside = (ball1 -> r + ball2 -> x - d) / (Vn1 - Vn2);
    202:     if (inside >  0.6) inside =  0.6;
    203:     if (inside < -0.6) inside = -0.6;

# 1 0x0042D1A5 in C:\Users\KES\Documents\GitHub\KPK-Game\Balls_Game_classes 3.0.exe: MoveBall() at C:/Users/KES/Documents/GitHub/KPK-Game/Balls_Game_classes 3.0.cpp (77):

     75: 
     76:         if (Distance (ball1, ball2) <= ball1.r + ball2.r) Collision (&ball1, &ball2, dt);
=>   77:         if (Distance (ball2, ball3) <= ball2.r + ball3.r) Collision (&ball2, &ball3, dt);
     78:         if (Distance (ball1, ball3) <= ball1.r + ball3.r) Collision (&ball1, &ball3, dt);
     79: 

# 2 0x0042CCD8 in C:\Users\KES\Documents\GitHub\KPK-Game\Balls_Game_classes 3.0.exe: main() at C:/Users/KES/Documents/GitHub/KPK-Game/Balls_Game_classes 3.0.cpp (38):

     36:     HDC fon  = txLoadImage ("images\\duet+gate.bmp");
     37: 
=>   38:     MoveBall (fon);
     39: 
     40:     return 0;

--------------------------------------------------
Стек вызовов TX:

# 0 in void ControlBall(Ball*, ControlType) at C:\Users\KES\Documents\GitHub\KPK-Game\Balls_Game_classes 3.0.cpp (144):

    142:     if (txGetAsyncKeyState (player.key_down))  (*ball).vy = (*ball).vy + 1;
    143: 
=>  144:     if (txGetAsyncKeyState (VK_SPACE))  (*ball).vx = (*ball).vy =  0;
    145:     }
    146: 

--------------------------------------------------
Developed with:

The Dumb Artist Library (TX Library)
TXLib [Ver: 00173a, Rev: 171, Date: 2021-06-06 04:32:03 +0400]
Copyright (C) Ded (Ilya Dedinsky, http://txlib.ru) <mail@txlib.ru>
See license on: http://txlib.ru

TXLib file:	C:\Users\KES\Downloads\TX\TXLib.h
Compiled:	Jun 19 2021 11:48:54, GNU g++ 4.8.1, std=201103L, MinGW Runtime 3.20, 32-bit, DEBUG
Started:	Jun 19 2021 11:49:02

Run file:	C:\Users\KES\Documents\GitHub\KPK-Game\Balls_Game_classes 3.0.exe
Directory:	C:\Users\KES\Documents\GitHub\KPK-Game

--------------------------------------------------

--------------------------------------------------
TXLib предупреждает:

Программа: C:\Users\KES\Documents\GitHub\KPK-Game\Balls_Game_classes 3.0.exe,

ВНЕЗАПНО: Деление на ноль при операции с плавающей точкой.

#1: Исключение EXCEPTION_FLT_DIVIDE_BY_ZERO (0xC000008E) при выполнении кода по адресу 0x0042DC87 в функции Collision() в файле C:/Users/KES/Documents/GitHub/KPK-Game/Balls_Game_classes 3.0.cpp на строке 201 в модуле C:\Users\KES\Documents\GitHub\KPK-Game\Balls_Game_classes 3.0.exe. Спасибо _txUnhandledExceptionFilter(), что сообщил. Люблю его <3

#1: TXLib [Ver: 00173a, Rev: 171, Date: 2021-06-06 04:32:03 +0400], Instance: 0x00507304 (32-bit), Flags: CMdRe0, Thread: 0x2714 (Main). 

--------------------------------------------------
Стек вызовов:

# 0 0x0042DC87 in C:\Users\KES\Documents\GitHub\KPK-Game\Balls_Game_classes 3.0.exe: Collision() at C:/Users/KES/Documents/GitHub/KPK-Game/Balls_Game_classes 3.0.cpp (201):

    199:     double Vn2 = (ball1 -> vx)*dt*s + (ball1 -> vy)*dt*e;
    200: 
=>  201:     double inside = (ball1 -> r + ball2 -> x - d) / (Vn1 - Vn2);
    202:     if (inside >  0.6) inside =  0.6;
    203:     if (inside < -0.6) inside = -0.6;

# 1 0x0042D243 in C:\Users\KES\Documents\GitHub\KPK-Game\Balls_Game_classes 3.0.exe: MoveBall() at C:/Users/KES/Documents/GitHub/KPK-Game/Balls_Game_classes 3.0.cpp (78):

     76:         if (Distance (ball1, ball2) <= ball1.r + ball2.r) Collision (&ball1, &ball2, dt);
     77:         if (Distance (ball2, ball3) <= ball2.r + ball3.r) Collision (&ball2, &ball3, dt);
=>   78:         if (Distance (ball1, ball3) <= ball1.r + ball3.r) Collision (&ball1, &ball3, dt);
     79: 
     80:         if (ball2.LeftGool  ())  score1++;

# 2 0x0042CCD8 in C:\Users\KES\Documents\GitHub\KPK-Game\Balls_Game_classes 3.0.exe: main() at C:/Users/KES/Documents/GitHub/KPK-Game/Balls_Game_classes 3.0.cpp (38):

     36:     HDC fon  = txLoadImage ("images\\duet+gate.bmp");
     37: 
=>   38:     MoveBall (fon);
     39: 
     40:     return 0;

--------------------------------------------------
Стек вызовов TX:

# 0 in void Collision(Ball*, Ball*, double) at C:\Users\KES\Documents\GitHub\KPK-Game\Balls_Game_classes 3.0.cpp (236):

    234:     ball2 -> y += (ball2 -> vy)*dt*inside;
    235: 
=>  236:     txPlaySound ("sounds/ball_sound.wav");
    237:     }
    238: 

--------------------------------------------------
Developed with:

The Dumb Artist Library (TX Library)
TXLib [Ver: 00173a, Rev: 171, Date: 2021-06-06 04:32:03 +0400]
Copyright (C) Ded (Ilya Dedinsky, http://txlib.ru) <mail@txlib.ru>
See license on: http://txlib.ru

TXLib file:	C:\Users\KES\Downloads\TX\TXLib.h
Compiled:	Jun 19 2021 11:58:52, GNU g++ 4.8.1, std=201103L, MinGW Runtime 3.20, 32-bit, DEBUG
Started:	Jun 19 2021 11:59:00

Run file:	C:\Users\KES\Documents\GitHub\KPK-Game\Balls_Game_classes 3.0.exe
Directory:	C:\Users\KES\Documents\GitHub\KPK-Game

--------------------------------------------------

--------------------------------------------------
TXLib соболезнует...

Программа: C:\Users\KES\Documents\GitHub\KPK-Game\Balls_Game_classes 3.0.exe,

ВНЕЗАПНО: signal (8, 0x00): SIGFPE: Грубая ошибка в вычислениях. 

Деление на ноль при операции с плавающей точкой.

#1: Исключение EXCEPTION_FLT_DIVIDE_BY_ZERO (0xC000008E) при выполнении кода по адресу 0x0042DC87 в функции Collision() в файле C:/Users/KES/Documents/GitHub/KPK-Game/Balls_Game_classes 3.0.cpp на строке 201 в модуле C:\Users\KES\Documents\GitHub\KPK-Game\Balls_Game_classes 3.0.exe. Спасибо _txUnhandledExceptionFilter(), что сообщил. Люблю его <3

С помощью функции signal() вы можете сами обработать эту ошибку.

#2: TXLib [Ver: 00173a, Rev: 171, Date: 2021-06-06 04:32:03 +0400], Instance: 0x00507304 (32-bit), Flags: CMdRe0, Thread: 0x2714 (Main). 

--------------------------------------------------
Стек вызовов:

# 0 0x0042DC87 in C:\Users\KES\Documents\GitHub\KPK-Game\Balls_Game_classes 3.0.exe: Collision() at C:/Users/KES/Documents/GitHub/KPK-Game/Balls_Game_classes 3.0.cpp (201):

    199:     double Vn2 = (ball1 -> vx)*dt*s + (ball1 -> vy)*dt*e;
    200: 
=>  201:     double inside = (ball1 -> r + ball2 -> x - d) / (Vn1 - Vn2);
    202:     if (inside >  0.6) inside =  0.6;
    203:     if (inside < -0.6) inside = -0.6;

# 1 0x0042D243 in C:\Users\KES\Documents\GitHub\KPK-Game\Balls_Game_classes 3.0.exe: MoveBall() at C:/Users/KES/Documents/GitHub/KPK-Game/Balls_Game_classes 3.0.cpp (78):

     76:         if (Distance (ball1, ball2) <= ball1.r + ball2.r) Collision (&ball1, &ball2, dt);
     77:         if (Distance (ball2, ball3) <= ball2.r + ball3.r) Collision (&ball2, &ball3, dt);
=>   78:         if (Distance (ball1, ball3) <= ball1.r + ball3.r) Collision (&ball1, &ball3, dt);
     79: 
     80:         if (ball2.LeftGool  ())  score1++;

# 2 0x0042CCD8 in C:\Users\KES\Documents\GitHub\KPK-Game\Balls_Game_classes 3.0.exe: main() at C:/Users/KES/Documents/GitHub/KPK-Game/Balls_Game_classes 3.0.cpp (38):

     36:     HDC fon  = txLoadImage ("images\\duet+gate.bmp");
     37: 
=>   38:     MoveBall (fon);
     39: 
     40:     return 0;

--------------------------------------------------
Стек вызовов TX:

# 0 in void Collision(Ball*, Ball*, double) at C:\Users\KES\Documents\GitHub\KPK-Game\Balls_Game_classes 3.0.cpp (236):

    234:     ball2 -> y += (ball2 -> vy)*dt*inside;
    235: 
=>  236:     txPlaySound ("sounds/ball_sound.wav");
    237:     }
    238: 

--------------------------------------------------
Developed with:

The Dumb Artist Library (TX Library)
TXLib [Ver: 00173a, Rev: 171, Date: 2021-06-06 04:32:03 +0400]
Copyright (C) Ded (Ilya Dedinsky, http://txlib.ru) <mail@txlib.ru>
See license on: http://txlib.ru

TXLib file:	C:\Users\KES\Downloads\TX\TXLib.h
Compiled:	Jun 19 2021 11:58:52, GNU g++ 4.8.1, std=201103L, MinGW Runtime 3.20, 32-bit, DEBUG
Started:	Jun 19 2021 11:59:00

Run file:	C:\Users\KES\Documents\GitHub\KPK-Game\Balls_Game_classes 3.0.exe
Directory:	C:\Users\KES\Documents\GitHub\KPK-Game

--------------------------------------------------

--------------------------------------------------
TXLib предупреждает:

Программа: C:\Users\KES\Documents\GitHub\KPK-Game\Balls_Game_classes 3.0.exe,

ВНЕЗАПНО: Деление на ноль при операции с плавающей точкой.

#1: Исключение EXCEPTION_FLT_DIVIDE_BY_ZERO (0xC000008E) при выполнении кода по адресу 0x0042DC87 в функции Collision() в файле C:/Users/KES/Documents/GitHub/KPK-Game/Balls_Game_classes 3.0.cpp на строке 201 в модуле C:\Users\KES\Documents\GitHub\KPK-Game\Balls_Game_classes 3.0.exe. Спасибо _txUnhandledExceptionFilter(), что сообщил. Люблю его <3

#1: TXLib [Ver: 00173a, Rev: 171, Date: 2021-06-06 04:32:03 +0400], Instance: 0x00507304 (32-bit), Flags: CMdRe0, Thread: 0x1118 (Main). 

--------------------------------------------------
Стек вызовов:

# 0 0x0042DC87 in C:\Users\KES\Documents\GitHub\KPK-Game\Balls_Game_classes 3.0.exe: Collision() at C:/Users/KES/Documents/GitHub/KPK-Game/Balls_Game_classes 3.0.cpp (201):

    199:     double Vn2 = (ball1 -> vx)*dt*s + (ball1 -> vy)*dt*e;
    200: 
=>  201:     double inside = (ball1 -> r + ball2 -> x - d) / (Vn1 - Vn2);
    202:     if (inside == 0) inside = 0.001;
    203:     if (inside >  0.6) inside =  0.6;

# 1 0x0042D243 in C:\Users\KES\Documents\GitHub\KPK-Game\Balls_Game_classes 3.0.exe: MoveBall() at C:/Users/KES/Documents/GitHub/KPK-Game/Balls_Game_classes 3.0.cpp (78):

     76:         if (Distance (ball1, ball2) <= ball1.r + ball2.r) Collision (&ball1, &ball2, dt);
     77:         if (Distance (ball2, ball3) <= ball2.r + ball3.r) Collision (&ball2, &ball3, dt);
=>   78:         if (Distance (ball1, ball3) <= ball1.r + ball3.r) Collision (&ball1, &ball3, dt);
     79: 
     80:         if (ball2.LeftGool  ())  score1++;

# 2 0x0042CCD8 in C:\Users\KES\Documents\GitHub\KPK-Game\Balls_Game_classes 3.0.exe: main() at C:/Users/KES/Documents/GitHub/KPK-Game/Balls_Game_classes 3.0.cpp (38):

     36:     HDC fon  = txLoadImage ("images\\duet+gate.bmp");
     37: 
=>   38:     MoveBall (fon);
     39: 
     40:     return 0;

--------------------------------------------------
Стек вызовов TX:

# 0 in void ControlBall(Ball*, ControlType) at C:\Users\KES\Documents\GitHub\KPK-Game\Balls_Game_classes 3.0.cpp (144):

    142:     if (txGetAsyncKeyState (player.key_down))  (*ball).vy = (*ball).vy + 1;
    143: 
=>  144:     if (txGetAsyncKeyState (VK_SPACE))  (*ball).vx = (*ball).vy =  0;
    145:     }
    146: 

--------------------------------------------------
Developed with:

The Dumb Artist Library (TX Library)
TXLib [Ver: 00173a, Rev: 171, Date: 2021-06-06 04:32:03 +0400]
Copyright (C) Ded (Ilya Dedinsky, http://txlib.ru) <mail@txlib.ru>
See license on: http://txlib.ru

TXLib file:	C:\Users\KES\Downloads\TX\TXLib.h
Compiled:	Jun 19 2021 12:00:58, GNU g++ 4.8.1, std=201103L, MinGW Runtime 3.20, 32-bit, DEBUG
Started:	Jun 19 2021 12:01:06

Run file:	C:\Users\KES\Documents\GitHub\KPK-Game\Balls_Game_classes 3.0.exe
Directory:	C:\Users\KES\Documents\GitHub\KPK-Game

--------------------------------------------------

--------------------------------------------------
TXLib соболезнует...

Программа: C:\Users\KES\Documents\GitHub\KPK-Game\Balls_Game_classes 3.0.exe,

ВНЕЗАПНО: signal (8, 0x00): SIGFPE: Грубая ошибка в вычислениях. 

Деление на ноль при операции с плавающей точкой.

#1: Исключение EXCEPTION_FLT_DIVIDE_BY_ZERO (0xC000008E) при выполнении кода по адресу 0x0042DC87 в функции Collision() в файле C:/Users/KES/Documents/GitHub/KPK-Game/Balls_Game_classes 3.0.cpp на строке 201 в модуле C:\Users\KES\Documents\GitHub\KPK-Game\Balls_Game_classes 3.0.exe. Спасибо _txUnhandledExceptionFilter(), что сообщил. Люблю его <3

С помощью функции signal() вы можете сами обработать эту ошибку.

#2: TXLib [Ver: 00173a, Rev: 171, Date: 2021-06-06 04:32:03 +0400], Instance: 0x00507304 (32-bit), Flags: CMdRe0, Thread: 0x1118 (Main). 

--------------------------------------------------
Стек вызовов:

# 0 0x0042DC87 in C:\Users\KES\Documents\GitHub\KPK-Game\Balls_Game_classes 3.0.exe: Collision() at C:/Users/KES/Documents/GitHub/KPK-Game/Balls_Game_classes 3.0.cpp (201):

    199:     double Vn2 = (ball1 -> vx)*dt*s + (ball1 -> vy)*dt*e;
    200: 
=>  201:     double inside = (ball1 -> r + ball2 -> x - d) / (Vn1 - Vn2);
    202:     if (inside == 0) inside = 0.001;
    203:     if (inside >  0.6) inside =  0.6;

# 1 0x0042D243 in C:\Users\KES\Documents\GitHub\KPK-Game\Balls_Game_classes 3.0.exe: MoveBall() at C:/Users/KES/Documents/GitHub/KPK-Game/Balls_Game_classes 3.0.cpp (78):

     76:         if (Distance (ball1, ball2) <= ball1.r + ball2.r) Collision (&ball1, &ball2, dt);
     77:         if (Distance (ball2, ball3) <= ball2.r + ball3.r) Collision (&ball2, &ball3, dt);
=>   78:         if (Distance (ball1, ball3) <= ball1.r + ball3.r) Collision (&ball1, &ball3, dt);
     79: 
     80:         if (ball2.LeftGool  ())  score1++;

# 2 0x0042CCD8 in C:\Users\KES\Documents\GitHub\KPK-Game\Balls_Game_classes 3.0.exe: main() at C:/Users/KES/Documents/GitHub/KPK-Game/Balls_Game_classes 3.0.cpp (38):

     36:     HDC fon  = txLoadImage ("images\\duet+gate.bmp");
     37: 
=>   38:     MoveBall (fon);
     39: 
     40:     return 0;

--------------------------------------------------
Стек вызовов TX:

# 0 in void ControlBall(Ball*, ControlType) at C:\Users\KES\Documents\GitHub\KPK-Game\Balls_Game_classes 3.0.cpp (144):

    142:     if (txGetAsyncKeyState (player.key_down))  (*ball).vy = (*ball).vy + 1;
    143: 
=>  144:     if (txGetAsyncKeyState (VK_SPACE))  (*ball).vx = (*ball).vy =  0;
    145:     }
    146: 

--------------------------------------------------
Developed with:

The Dumb Artist Library (TX Library)
TXLib [Ver: 00173a, Rev: 171, Date: 2021-06-06 04:32:03 +0400]
Copyright (C) Ded (Ilya Dedinsky, http://txlib.ru) <mail@txlib.ru>
See license on: http://txlib.ru

TXLib file:	C:\Users\KES\Downloads\TX\TXLib.h
Compiled:	Jun 19 2021 12:00:58, GNU g++ 4.8.1, std=201103L, MinGW Runtime 3.20, 32-bit, DEBUG
Started:	Jun 19 2021 12:01:06

Run file:	C:\Users\KES\Documents\GitHub\KPK-Game\Balls_Game_classes 3.0.exe
Directory:	C:\Users\KES\Documents\GitHub\KPK-Game

--------------------------------------------------

--------------------------------------------------
TXLib предупреждает:

Программа: C:\Users\KES\Documents\GitHub\KPK-Game\Balls_Game_classes 3.0.exe,

ВНЕЗАПНО: Деление на ноль при операции с плавающей точкой.

#1: Исключение EXCEPTION_FLT_DIVIDE_BY_ZERO (0xC000008E) при выполнении кода по адресу 0x0042DCAF в функции Collision() в файле C:/Users/KES/Documents/GitHub/KPK-Game/Balls_Game_classes 3.0.cpp на строке 203 в модуле C:\Users\KES\Documents\GitHub\KPK-Game\Balls_Game_classes 3.0.exe. Спасибо _txUnhandledExceptionFilter(), что сообщил. Люблю его <3

#1: TXLib [Ver: 00173a, Rev: 171, Date: 2021-06-06 04:32:03 +0400], Instance: 0x00507304 (32-bit), Flags: CMdRe0, Thread: 0xFD4 (Main). 

--------------------------------------------------
Стек вызовов:

# 0 0x0042DCAF in C:\Users\KES\Documents\GitHub\KPK-Game\Balls_Game_classes 3.0.exe: Collision() at C:/Users/KES/Documents/GitHub/KPK-Game/Balls_Game_classes 3.0.cpp (203):

    201:     double razn = Vn1 - Vn2;
    202:     if (razn == 0) razn = 0.0001;
=>  203:     double inside = (ball1 -> r + ball2 -> x - d) / (Vn1 - Vn2);
    204:     if (inside >  0.6) inside =  0.6;
    205:     if (inside < -0.6) inside = -0.6;

# 1 0x0042D1A5 in C:\Users\KES\Documents\GitHub\KPK-Game\Balls_Game_classes 3.0.exe: MoveBall() at C:/Users/KES/Documents/GitHub/KPK-Game/Balls_Game_classes 3.0.cpp (77):

     75: 
     76:         if (Distance (ball1, ball2) <= ball1.r + ball2.r) Collision (&ball1, &ball2, dt);
=>   77:         if (Distance (ball2, ball3) <= ball2.r + ball3.r) Collision (&ball2, &ball3, dt);
     78:         if (Distance (ball1, ball3) <= ball1.r + ball3.r) Collision (&ball1, &ball3, dt);
     79: 

# 2 0x0042CCD8 in C:\Users\KES\Documents\GitHub\KPK-Game\Balls_Game_classes 3.0.exe: main() at C:/Users/KES/Documents/GitHub/KPK-Game/Balls_Game_classes 3.0.cpp (38):

     36:     HDC fon  = txLoadImage ("images\\duet+gate.bmp");
     37: 
=>   38:     MoveBall (fon);
     39: 
     40:     return 0;

--------------------------------------------------
Стек вызовов TX:

# 0 in void ControlBall(Ball*, ControlType) at C:\Users\KES\Documents\GitHub\KPK-Game\Balls_Game_classes 3.0.cpp (144):

    142:     if (txGetAsyncKeyState (player.key_down))  (*ball).vy = (*ball).vy + 1;
    143: 
=>  144:     if (txGetAsyncKeyState (VK_SPACE))  (*ball).vx = (*ball).vy =  0;
    145:     }
    146: 

--------------------------------------------------
Developed with:

The Dumb Artist Library (TX Library)
TXLib [Ver: 00173a, Rev: 171, Date: 2021-06-06 04:32:03 +0400]
Copyright (C) Ded (Ilya Dedinsky, http://txlib.ru) <mail@txlib.ru>
See license on: http://txlib.ru

TXLib file:	C:\Users\KES\Downloads\TX\TXLib.h
Compiled:	Jun 19 2021 12:04:47, GNU g++ 4.8.1, std=201103L, MinGW Runtime 3.20, 32-bit, DEBUG
Started:	Jun 19 2021 12:04:55

Run file:	C:\Users\KES\Documents\GitHub\KPK-Game\Balls_Game_classes 3.0.exe
Directory:	C:\Users\KES\Documents\GitHub\KPK-Game

--------------------------------------------------

--------------------------------------------------
TXLib соболезнует...

Программа: C:\Users\KES\Documents\GitHub\KPK-Game\Balls_Game_classes 3.0.exe,

ВНЕЗАПНО: signal (8, 0x00): SIGFPE: Грубая ошибка в вычислениях. 

Деление на ноль при операции с плавающей точкой.

#1: Исключение EXCEPTION_FLT_DIVIDE_BY_ZERO (0xC000008E) при выполнении кода по адресу 0x0042DCAF в функции Collision() в файле C:/Users/KES/Documents/GitHub/KPK-Game/Balls_Game_classes 3.0.cpp на строке 203 в модуле C:\Users\KES\Documents\GitHub\KPK-Game\Balls_Game_classes 3.0.exe. Спасибо _txUnhandledExceptionFilter(), что сообщил. Люблю его <3

С помощью функции signal() вы можете сами обработать эту ошибку.

#2: TXLib [Ver: 00173a, Rev: 171, Date: 2021-06-06 04:32:03 +0400], Instance: 0x00507304 (32-bit), Flags: CMdRe0, Thread: 0xFD4 (Main). 

--------------------------------------------------
Стек вызовов:

# 0 0x0042DCAF in C:\Users\KES\Documents\GitHub\KPK-Game\Balls_Game_classes 3.0.exe: Collision() at C:/Users/KES/Documents/GitHub/KPK-Game/Balls_Game_classes 3.0.cpp (203):

    201:     double razn = Vn1 - Vn2;
    202:     if (razn == 0) razn = 0.0001;
=>  203:     double inside = (ball1 -> r + ball2 -> x - d) / (Vn1 - Vn2);
    204:     if (inside >  0.6) inside =  0.6;
    205:     if (inside < -0.6) inside = -0.6;

# 1 0x0042D1A5 in C:\Users\KES\Documents\GitHub\KPK-Game\Balls_Game_classes 3.0.exe: MoveBall() at C:/Users/KES/Documents/GitHub/KPK-Game/Balls_Game_classes 3.0.cpp (77):

     75: 
     76:         if (Distance (ball1, ball2) <= ball1.r + ball2.r) Collision (&ball1, &ball2, dt);
=>   77:         if (Distance (ball2, ball3) <= ball2.r + ball3.r) Collision (&ball2, &ball3, dt);
     78:         if (Distance (ball1, ball3) <= ball1.r + ball3.r) Collision (&ball1, &ball3, dt);
     79: 

# 2 0x0042CCD8 in C:\Users\KES\Documents\GitHub\KPK-Game\Balls_Game_classes 3.0.exe: main() at C:/Users/KES/Documents/GitHub/KPK-Game/Balls_Game_classes 3.0.cpp (38):

     36:     HDC fon  = txLoadImage ("images\\duet+gate.bmp");
     37: 
=>   38:     MoveBall (fon);
     39: 
     40:     return 0;

--------------------------------------------------
Стек вызовов TX:

# 0 in void ControlBall(Ball*, ControlType) at C:\Users\KES\Documents\GitHub\KPK-Game\Balls_Game_classes 3.0.cpp (144):

    142:     if (txGetAsyncKeyState (player.key_down))  (*ball).vy = (*ball).vy + 1;
    143: 
=>  144:     if (txGetAsyncKeyState (VK_SPACE))  (*ball).vx = (*ball).vy =  0;
    145:     }
    146: 

--------------------------------------------------
Developed with:

The Dumb Artist Library (TX Library)
TXLib [Ver: 00173a, Rev: 171, Date: 2021-06-06 04:32:03 +0400]
Copyright (C) Ded (Ilya Dedinsky, http://txlib.ru) <mail@txlib.ru>
See license on: http://txlib.ru

TXLib file:	C:\Users\KES\Downloads\TX\TXLib.h
Compiled:	Jun 19 2021 12:04:47, GNU g++ 4.8.1, std=201103L, MinGW Runtime 3.20, 32-bit, DEBUG
Started:	Jun 19 2021 12:04:55

Run file:	C:\Users\KES\Documents\GitHub\KPK-Game\Balls_Game_classes 3.0.exe
Directory:	C:\Users\KES\Documents\GitHub\KPK-Game

--------------------------------------------------

--------------------------------------------------
TXLib предупреждает:

Программа: C:\Users\KES\Documents\GitHub\KPK-Game\Balls_Game_classes 3.0.exe,

ВНЕЗАПНО: Деление на ноль при операции с плавающей точкой.

#1: Исключение EXCEPTION_FLT_DIVIDE_BY_ZERO (0xC000008E) при выполнении кода по адресу 0x0042DC87 в функции Collision() в файле C:/Users/KES/Documents/GitHub/KPK-Game/Balls_Game_classes 3.0.cpp на строке 201 в модуле C:\Users\KES\Documents\GitHub\KPK-Game\Balls_Game_classes 3.0.exe. Спасибо _txUnhandledExceptionFilter(), что сообщил. Люблю его <3

#1: TXLib [Ver: 00173a, Rev: 171, Date: 2021-06-06 04:32:03 +0400], Instance: 0x00507304 (32-bit), Flags: CMdRe0, Thread: 0xF78 (Main). 

--------------------------------------------------
Стек вызовов:

# 0 0x0042DC87 in C:\Users\KES\Documents\GitHub\KPK-Game\Balls_Game_classes 3.0.exe: Collision() at C:/Users/KES/Documents/GitHub/KPK-Game/Balls_Game_classes 3.0.cpp (201):

    199:     double Vn2 = (ball1 -> vx)*dt*s + (ball1 -> vy)*dt*e;
    200: 
=>  201:     double inside = (ball1 -> r + ball2 -> x - d) / (Vn1 - Vn2);
    202:     if (inside >  0.6) inside =  0.6;
    203:     if (inside < -0.6) inside = -0.6;

# 1 0x0042D1A5 in C:\Users\KES\Documents\GitHub\KPK-Game\Balls_Game_classes 3.0.exe: MoveBall() at C:/Users/KES/Documents/GitHub/KPK-Game/Balls_Game_classes 3.0.cpp (77):

     75: 
     76:         if (Distance (ball1, ball2) <= ball1.r + ball2.r) Collision (&ball1, &ball2, dt);
=>   77:         if (Distance (ball2, ball3) <= ball2.r + ball3.r) Collision (&ball2, &ball3, dt);
     78:         if (Distance (ball1, ball3) <= ball1.r + ball3.r) Collision (&ball1, &ball3, dt);
     79: 

# 2 0x0042CCD8 in C:\Users\KES\Documents\GitHub\KPK-Game\Balls_Game_classes 3.0.exe: main() at C:/Users/KES/Documents/GitHub/KPK-Game/Balls_Game_classes 3.0.cpp (38):

     36:     HDC fon  = txLoadImage ("images\\duet+gate.bmp");
     37: 
=>   38:     MoveBall (fon);
     39: 
     40:     return 0;

--------------------------------------------------
Стек вызовов TX:

# 0 in void ControlBall(Ball*, ControlType) at C:\Users\KES\Documents\GitHub\KPK-Game\Balls_Game_classes 3.0.cpp (144):

    142:     if (txGetAsyncKeyState (player.key_down))  (*ball).vy = (*ball).vy + 1;
    143: 
=>  144:     if (txGetAsyncKeyState (VK_SPACE))  (*ball).vx = (*ball).vy =  0;
    145:     }
    146: 

--------------------------------------------------
Developed with:

The Dumb Artist Library (TX Library)
TXLib [Ver: 00173a, Rev: 171, Date: 2021-06-06 04:32:03 +0400]
Copyright (C) Ded (Ilya Dedinsky, http://txlib.ru) <mail@txlib.ru>
See license on: http://txlib.ru

TXLib file:	C:\Users\KES\Downloads\TX\TXLib.h
Compiled:	Jun 19 2021 12:08:05, GNU g++ 4.8.1, std=201103L, MinGW Runtime 3.20, 32-bit, DEBUG
Started:	Jun 19 2021 12:08:13

Run file:	C:\Users\KES\Documents\GitHub\KPK-Game\Balls_Game_classes 3.0.exe
Directory:	C:\Users\KES\Documents\GitHub\KPK-Game

--------------------------------------------------

--------------------------------------------------
TXLib соболезнует...

Программа: C:\Users\KES\Documents\GitHub\KPK-Game\Balls_Game_classes 3.0.exe,

ВНЕЗАПНО: signal (8, 0x00): SIGFPE: Грубая ошибка в вычислениях. 

Деление на ноль при операции с плавающей точкой.

#1: Исключение EXCEPTION_FLT_DIVIDE_BY_ZERO (0xC000008E) при выполнении кода по адресу 0x0042DC87 в функции Collision() в файле C:/Users/KES/Documents/GitHub/KPK-Game/Balls_Game_classes 3.0.cpp на строке 201 в модуле C:\Users\KES\Documents\GitHub\KPK-Game\Balls_Game_classes 3.0.exe. Спасибо _txUnhandledExceptionFilter(), что сообщил. Люблю его <3

С помощью функции signal() вы можете сами обработать эту ошибку.

#2: TXLib [Ver: 00173a, Rev: 171, Date: 2021-06-06 04:32:03 +0400], Instance: 0x00507304 (32-bit), Flags: CMdRe0, Thread: 0xF78 (Main). 

--------------------------------------------------
Стек вызовов:

# 0 0x0042DC87 in C:\Users\KES\Documents\GitHub\KPK-Game\Balls_Game_classes 3.0.exe: Collision() at C:/Users/KES/Documents/GitHub/KPK-Game/Balls_Game_classes 3.0.cpp (201):

    199:     double Vn2 = (ball1 -> vx)*dt*s + (ball1 -> vy)*dt*e;
    200: 
=>  201:     double inside = (ball1 -> r + ball2 -> x - d) / (Vn1 - Vn2);
    202:     if (inside >  0.6) inside =  0.6;
    203:     if (inside < -0.6) inside = -0.6;

# 1 0x0042D1A5 in C:\Users\KES\Documents\GitHub\KPK-Game\Balls_Game_classes 3.0.exe: MoveBall() at C:/Users/KES/Documents/GitHub/KPK-Game/Balls_Game_classes 3.0.cpp (77):

     75: 
     76:         if (Distance (ball1, ball2) <= ball1.r + ball2.r) Collision (&ball1, &ball2, dt);
=>   77:         if (Distance (ball2, ball3) <= ball2.r + ball3.r) Collision (&ball2, &ball3, dt);
     78:         if (Distance (ball1, ball3) <= ball1.r + ball3.r) Collision (&ball1, &ball3, dt);
     79: 

# 2 0x0042CCD8 in C:\Users\KES\Documents\GitHub\KPK-Game\Balls_Game_classes 3.0.exe: main() at C:/Users/KES/Documents/GitHub/KPK-Game/Balls_Game_classes 3.0.cpp (38):

     36:     HDC fon  = txLoadImage ("images\\duet+gate.bmp");
     37: 
=>   38:     MoveBall (fon);
     39: 
     40:     return 0;

--------------------------------------------------
Стек вызовов TX:

# 0 in void ControlBall(Ball*, ControlType) at C:\Users\KES\Documents\GitHub\KPK-Game\Balls_Game_classes 3.0.cpp (144):

    142:     if (txGetAsyncKeyState (player.key_down))  (*ball).vy = (*ball).vy + 1;
    143: 
=>  144:     if (txGetAsyncKeyState (VK_SPACE))  (*ball).vx = (*ball).vy =  0;
    145:     }
    146: 

--------------------------------------------------
Developed with:

The Dumb Artist Library (TX Library)
TXLib [Ver: 00173a, Rev: 171, Date: 2021-06-06 04:32:03 +0400]
Copyright (C) Ded (Ilya Dedinsky, http://txlib.ru) <mail@txlib.ru>
See license on: http://txlib.ru

TXLib file:	C:\Users\KES\Downloads\TX\TXLib.h
Compiled:	Jun 19 2021 12:08:05, GNU g++ 4.8.1, std=201103L, MinGW Runtime 3.20, 32-bit, DEBUG
Started:	Jun 19 2021 12:08:13

Run file:	C:\Users\KES\Documents\GitHub\KPK-Game\Balls_Game_classes 3.0.exe
Directory:	C:\Users\KES\Documents\GitHub\KPK-Game

--------------------------------------------------

--------------------------------------------------
TXLib предупреждает:

Программа: C:\Users\KES\Documents\GitHub\KPK-Game\Balls_Game_classes 3.0.exe,

ВНЕЗАПНО: Деление на ноль при операции с плавающей точкой.

#1: Исключение EXCEPTION_FLT_DIVIDE_BY_ZERO (0xC000008E) при выполнении кода по адресу 0x0042DC88 в функции Collision() в файле C:/Users/KES/Documents/GitHub/KPK-Game/Balls_Game_classes 3.0.cpp на строке 201 в модуле C:\Users\KES\Documents\GitHub\KPK-Game\Balls_Game_classes 3.0.exe. Спасибо _txUnhandledExceptionFilter(), что сообщил. Люблю его <3

#1: TXLib [Ver: 00173a, Rev: 171, Date: 2021-06-06 04:32:03 +0400], Instance: 0x00507304 (32-bit), Flags: CMdRe0, Thread: 0xC90 (Main). 

--------------------------------------------------
Стек вызовов:

# 0 0x0042DC88 in C:\Users\KES\Documents\GitHub\KPK-Game\Balls_Game_classes 3.0.exe: Collision() at C:/Users/KES/Documents/GitHub/KPK-Game/Balls_Game_classes 3.0.cpp (201):

    199:     double Vn2 = (ball1 -> vx)*dt*s + (ball1 -> vy)*dt*e;
    200: 
=>  201:     double inside = (ball1 -> r + ball2 -> x - d) / (Vn1 - Vn2);
    202:     if (inside >  0.6) inside =  0.6;
    203:     if (inside < -0.6) inside = -0.6;

# 1 0x0042D107 in C:\Users\KES\Documents\GitHub\KPK-Game\Balls_Game_classes 3.0.exe: MoveBall() at C:/Users/KES/Documents/GitHub/KPK-Game/Balls_Game_classes 3.0.cpp (76):

     74:         ControlBall (&ball3, player2);
     75: 
=>   76:         if (Distance (ball1, ball2) <= ball1.r + ball2.r) Collision (&ball1, &ball2, dt);
     77:         if (Distance (ball2, ball3) <= ball2.r + ball3.r) Collision (&ball2, &ball3, dt);
     78:         if (Distance (ball1, ball3) <= ball1.r + ball3.r) Collision (&ball1, &ball3, dt);

# 2 0x0042CCD8 in C:\Users\KES\Documents\GitHub\KPK-Game\Balls_Game_classes 3.0.exe: main() at C:/Users/KES/Documents/GitHub/KPK-Game/Balls_Game_classes 3.0.cpp (38):

     36:     HDC fon  = txLoadImage ("images\\duet+gate.bmp");
     37: 
=>   38:     MoveBall (fon);
     39: 
     40:     return 0;

--------------------------------------------------
Стек вызовов TX:

# 0 in void ControlBall(Ball*, ControlType) at C:\Users\KES\Documents\GitHub\KPK-Game\Balls_Game_classes 3.0.cpp (144):

    142:     if (txGetAsyncKeyState (player.key_down))  (*ball).vy = (*ball).vy + 1;
    143: 
=>  144:     if (txGetAsyncKeyState (VK_SPACE))  (*ball).vx = (*ball).vy =  0;
    145:     }
    146: 

--------------------------------------------------
Developed with:

The Dumb Artist Library (TX Library)
TXLib [Ver: 00173a, Rev: 171, Date: 2021-06-06 04:32:03 +0400]
Copyright (C) Ded (Ilya Dedinsky, http://txlib.ru) <mail@txlib.ru>
See license on: http://txlib.ru

TXLib file:	C:\Users\KES\Downloads\TX\TXLib.h
Compiled:	Jun 19 2021 12:10:16, GNU g++ 4.8.1, std=201103L, MinGW Runtime 3.20, 32-bit, DEBUG
Started:	Jun 19 2021 12:10:23

Run file:	C:\Users\KES\Documents\GitHub\KPK-Game\Balls_Game_classes 3.0.exe
Directory:	C:\Users\KES\Documents\GitHub\KPK-Game

--------------------------------------------------

--------------------------------------------------
TXLib соболезнует...

Программа: C:\Users\KES\Documents\GitHub\KPK-Game\Balls_Game_classes 3.0.exe,

ВНЕЗАПНО: signal (8, 0x00): SIGFPE: Грубая ошибка в вычислениях. 

Деление на ноль при операции с плавающей точкой.

#1: Исключение EXCEPTION_FLT_DIVIDE_BY_ZERO (0xC000008E) при выполнении кода по адресу 0x0042DC88 в функции Collision() в файле C:/Users/KES/Documents/GitHub/KPK-Game/Balls_Game_classes 3.0.cpp на строке 201 в модуле C:\Users\KES\Documents\GitHub\KPK-Game\Balls_Game_classes 3.0.exe. Спасибо _txUnhandledExceptionFilter(), что сообщил. Люблю его <3

С помощью функции signal() вы можете сами обработать эту ошибку.

#2: TXLib [Ver: 00173a, Rev: 171, Date: 2021-06-06 04:32:03 +0400], Instance: 0x00507304 (32-bit), Flags: CMdRe0, Thread: 0xC90 (Main). 

--------------------------------------------------
Стек вызовов:

# 0 0x0042DC88 in C:\Users\KES\Documents\GitHub\KPK-Game\Balls_Game_classes 3.0.exe: Collision() at C:/Users/KES/Documents/GitHub/KPK-Game/Balls_Game_classes 3.0.cpp (201):

    199:     double Vn2 = (ball1 -> vx)*dt*s + (ball1 -> vy)*dt*e;
    200: 
=>  201:     double inside = (ball1 -> r + ball2 -> x - d) / (Vn1 - Vn2);
    202:     if (inside >  0.6) inside =  0.6;
    203:     if (inside < -0.6) inside = -0.6;

# 1 0x0042D107 in C:\Users\KES\Documents\GitHub\KPK-Game\Balls_Game_classes 3.0.exe: MoveBall() at C:/Users/KES/Documents/GitHub/KPK-Game/Balls_Game_classes 3.0.cpp (76):

     74:         ControlBall (&ball3, player2);
     75: 
=>   76:         if (Distance (ball1, ball2) <= ball1.r + ball2.r) Collision (&ball1, &ball2, dt);
     77:         if (Distance (ball2, ball3) <= ball2.r + ball3.r) Collision (&ball2, &ball3, dt);
     78:         if (Distance (ball1, ball3) <= ball1.r + ball3.r) Collision (&ball1, &ball3, dt);

# 2 0x0042CCD8 in C:\Users\KES\Documents\GitHub\KPK-Game\Balls_Game_classes 3.0.exe: main() at C:/Users/KES/Documents/GitHub/KPK-Game/Balls_Game_classes 3.0.cpp (38):

     36:     HDC fon  = txLoadImage ("images\\duet+gate.bmp");
     37: 
=>   38:     MoveBall (fon);
     39: 
     40:     return 0;

--------------------------------------------------
Стек вызовов TX:

# 0 in void ControlBall(Ball*, ControlType) at C:\Users\KES\Documents\GitHub\KPK-Game\Balls_Game_classes 3.0.cpp (144):

    142:     if (txGetAsyncKeyState (player.key_down))  (*ball).vy = (*ball).vy + 1;
    143: 
=>  144:     if (txGetAsyncKeyState (VK_SPACE))  (*ball).vx = (*ball).vy =  0;
    145:     }
    146: 

--------------------------------------------------
Developed with:

The Dumb Artist Library (TX Library)
TXLib [Ver: 00173a, Rev: 171, Date: 2021-06-06 04:32:03 +0400]
Copyright (C) Ded (Ilya Dedinsky, http://txlib.ru) <mail@txlib.ru>
See license on: http://txlib.ru

TXLib file:	C:\Users\KES\Downloads\TX\TXLib.h
Compiled:	Jun 19 2021 12:10:16, GNU g++ 4.8.1, std=201103L, MinGW Runtime 3.20, 32-bit, DEBUG
Started:	Jun 19 2021 12:10:23

Run file:	C:\Users\KES\Documents\GitHub\KPK-Game\Balls_Game_classes 3.0.exe
Directory:	C:\Users\KES\Documents\GitHub\KPK-Game

--------------------------------------------------
